[2020-03-23 22:34:16,452] Starting new HTTPS connection (1): www.mohfw.gov.in:443
[2020-03-23 22:34:16,855] https://www.mohfw.gov.in:443 "GET / HTTP/1.1" 200 5274
[2020-03-23 22:35:36,279] Starting new HTTPS connection (1): www.mohfw.gov.in:443
[2020-03-23 22:35:36,529] https://www.mohfw.gov.in:443 "GET / HTTP/1.1" 200 5274
[2020-03-23 22:36:25,045] Starting new HTTPS connection (1): www.mohfw.gov.in:443
[2020-03-23 22:36:25,311] https://www.mohfw.gov.in:443 "GET / HTTP/1.1" 200 5274
[2020-03-23 22:36:25,531] Change for Haryana: ['3', '14', '0', '0']->['12', '14', '11', '0']
[2020-03-23 22:36:25,531] Change for Kerala: ['26', '2', '3', '0']->['60', '7', '3', '0']
[2020-03-23 22:36:25,532] Change for Total number of confirmed cases in India: ['191', '32', '23', '4']->['394 *', '40 *', '35', '9']
[2020-03-23 22:36:49,413] Starting new HTTPS connection (1): www.mohfw.gov.in:443
[2020-03-23 22:36:49,750] https://www.mohfw.gov.in:443 "GET / HTTP/1.1" 200 5274
[2020-03-23 22:37:32,182] Starting new HTTPS connection (1): www.mohfw.gov.in:443
[2020-03-23 22:37:32,510] https://www.mohfw.gov.in:443 "GET / HTTP/1.1" 200 5274
[2020-03-23 22:37:59,400] Starting new HTTPS connection (1): www.mohfw.gov.in:443
[2020-03-23 22:37:59,676] https://www.mohfw.gov.in:443 "GET / HTTP/1.1" 200 5274
[2020-03-23 22:40:19,044] Starting new HTTPS connection (1): www.mohfw.gov.in:443
[2020-03-23 22:40:19,288] https://www.mohfw.gov.in:443 "GET / HTTP/1.1" 200 5274
[2020-03-23 22:40:19,331]  NEW_STATE D.O. Letter from Cabinet Secretary to Chief Secretaries for management and containment of COVID-19 dated 23.03.2020  got corona virus :[]
[2020-03-23 22:40:19,331]  NEW_STATE Advisory on the use of Hydroxy-chloroquin as prophylaxis for SARS-CoV-2 infection  got corona virus :[]
[2020-03-23 22:40:19,332]  NEW_STATE  KIDS, VAAYU & CORONA : Comic book for children to provide correct information about COVID-19 - Part 2 got corona virus :[]
[2020-03-23 22:40:19,332]  NEW_STATE  D.O. Letter from Cabinet Secretary to Chief Secretaries for management and containment of COVID-19 dated 22.03.2020 got corona virus :[]
[2020-03-23 22:40:19,332]  NEW_STATE Notification of ICMR guidelines for COVID-19 testing in private laboratories in India  got corona virus :[]
[2020-03-23 22:40:19,332]  NEW_STATE  Revised Guidelines/Strategy for COVID-19 testing by Indian Council of Medical Research (ICMR) got corona virus :[]
[2020-03-23 22:40:19,332]  NEW_STATE Andhra Pradesh got corona virus :['7', '0', '0', '0']
[2020-03-23 22:40:19,332]  NEW_STATE Bihar got corona virus :['2', '0', '0', '1']
[2020-03-23 22:40:19,333]  NEW_STATE Chhattisgarh got corona virus :['1', '0', '0', '0']
[2020-03-23 22:40:19,333]  NEW_STATE Delhi got corona virus :['28', '1', '5', '1']
[2020-03-23 22:40:19,333]  NEW_STATE Gujarat got corona virus :['29', '0', '0', '1']
[2020-03-23 22:40:19,333]  NEW_STATE Himachal Pradesh got corona virus :['3', '0', '0', '1']
[2020-03-23 22:40:19,333]  NEW_STATE Karnataka got corona virus :['33', '0', '2', '1']
[2020-03-23 22:40:19,333]  NEW_STATE Madhya Pradesh got corona virus :['6', '0', '0', '0']
[2020-03-23 22:40:19,333]  NEW_STATE Maharashtra got corona virus :['71', '3', '0', '2']
[2020-03-23 22:40:19,333]  NEW_STATE Odisha got corona virus :['2', '0', '0', '0']
[2020-03-23 22:40:19,333]  NEW_STATE Puducherry got corona virus :['1', '0', '0', '0']
[2020-03-23 22:40:19,333]  NEW_STATE Punjab got corona virus :['21', '0', '0', '1']
[2020-03-23 22:40:19,333]  NEW_STATE Rajasthan got corona virus :['26', '2', '3', '0']
[2020-03-23 22:40:19,334]  NEW_STATE Tamil Nadu got corona virus :['7', '2', '1', '0']
[2020-03-23 22:40:19,334]  NEW_STATE Telengana got corona virus :['22', '10', '1', '0']
[2020-03-23 22:40:19,334]  NEW_STATE Chandigarh got corona virus :['6', '0', '0', '0']
[2020-03-23 22:40:19,334]  NEW_STATE Jammu and Kashmir got corona virus :['4', '0', '0', '0']
[2020-03-23 22:40:19,334]  NEW_STATE Ladakh got corona virus :['13', '0', '0', '0']
[2020-03-23 22:40:19,334]  NEW_STATE Uttar Pradesh got corona virus :['30', '1', '9', '0']
[2020-03-23 22:40:19,334]  NEW_STATE Uttarakhand got corona virus :['3', '0', '0', '0']
[2020-03-23 22:40:19,334]  NEW_STATE West Bengal got corona virus :['7', '0', '0', '1']
[2020-03-23 22:42:21,402] Starting new HTTPS connection (1): www.mohfw.gov.in:443
[2020-03-23 22:42:21,714] https://www.mohfw.gov.in:443 "GET / HTTP/1.1" 200 5274
[2020-03-23 22:47:23,339] Starting new HTTPS connection (1): www.mohfw.gov.in:443
[2020-03-23 22:47:23,567] https://www.mohfw.gov.in:443 "GET / HTTP/1.1" 200 5274
[2020-03-23 22:47:23,641]  NEW_STATE . got corona virus :o. letter from cabinet secretary to chief secretaries for management and containment of covid-19 dated 23.03.2020 
[2020-03-23 22:47:23,641]  NEW_STATE d got corona virus :isha
[2020-03-23 22:47:23,642]  NEW_STATE k got corona virus :ids, vaayu & corona : comic book for children to provide correct information about covid-19 - part 2
[2020-03-23 22:47:23,642]  NEW_STATE o got corona virus :tification of icmr guidelines for covid-19 testing in private laboratories in india 
[2020-03-23 22:47:23,643]  NEW_STATE r got corona virus :evised guidelines/strategy for covid-19 testing by indian council of medical research (icmr)
[2020-03-23 22:47:23,643]  NEW_STATE n got corona virus :dhra pradesh
[2020-03-23 22:47:23,643]  NEW_STATE i got corona virus :machal pradesh
[2020-03-23 22:47:23,644]  NEW_STATE h got corona virus :andigarh
[2020-03-23 22:47:23,644]  NEW_STATE e got corona virus :st bengal
[2020-03-23 22:47:23,644]  NEW_STATE u got corona virus :njab
[2020-03-23 22:47:23,645]  NEW_STATE a got corona virus :dakh
[2020-03-23 22:47:23,645]  NEW_STATE t got corona virus :tarakhand
[2020-03-23 22:48:53,661] Starting new HTTPS connection (1): www.mohfw.gov.in:443
[2020-03-23 22:48:53,927] https://www.mohfw.gov.in:443 "GET / HTTP/1.1" 200 5274
[2020-03-23 22:49:19,118] Starting new HTTPS connection (1): www.mohfw.gov.in:443
[2020-03-23 22:49:19,384] https://www.mohfw.gov.in:443 "GET / HTTP/1.1" 200 5274
[2020-03-23 22:51:16,638] Starting new HTTPS connection (1): www.mohfw.gov.in:443
[2020-03-23 22:51:16,892] https://www.mohfw.gov.in:443 "GET / HTTP/1.1" 200 5274
[2020-03-23 23:07:21,074] Starting new HTTPS connection (1): www.mohfw.gov.in:443
[2020-03-23 23:07:21,354] https://www.mohfw.gov.in:443 "GET / HTTP/1.1" 200 5274
[2020-03-23 23:07:39,579] Starting new HTTPS connection (1): www.mohfw.gov.in:443
[2020-03-23 23:07:39,974] https://www.mohfw.gov.in:443 "GET / HTTP/1.1" 200 5274
[2020-03-23 23:08:22,697] Starting new HTTPS connection (1): www.mohfw.gov.in:443
[2020-03-23 23:08:22,885] https://www.mohfw.gov.in:443 "GET / HTTP/1.1" 200 5274
[2020-03-23 23:09:09,088] Starting new HTTPS connection (1): www.mohfw.gov.in:443
[2020-03-23 23:09:09,338] https://www.mohfw.gov.in:443 "GET / HTTP/1.1" 200 5274
[2020-03-23 23:09:38,130] Starting new HTTPS connection (1): www.mohfw.gov.in:443
[2020-03-23 23:09:38,770] https://www.mohfw.gov.in:443 "GET / HTTP/1.1" 200 5274
[2020-03-23 23:11:29,521] Starting new HTTPS connection (1): www.mohfw.gov.in:443
[2020-03-23 23:11:29,787] https://www.mohfw.gov.in:443 "GET / HTTP/1.1" 200 5274
[2020-03-23 23:11:50,498] Starting new HTTPS connection (1): www.mohfw.gov.in:443
[2020-03-23 23:11:50,716] https://www.mohfw.gov.in:443 "GET / HTTP/1.1" 200 5274
[2020-03-23 23:12:41,041] Starting new HTTPS connection (1): www.mohfw.gov.in:443
[2020-03-23 23:12:41,290] https://www.mohfw.gov.in:443 "GET / HTTP/1.1" 200 5274
[2020-03-23 23:13:05,940] Starting new HTTPS connection (1): www.mohfw.gov.in:443
[2020-03-23 23:13:06,228] https://www.mohfw.gov.in:443 "GET / HTTP/1.1" 200 5274
[2020-03-23 23:14:02,009] Starting new HTTPS connection (1): www.mohfw.gov.in:443
[2020-03-23 23:14:02,265] https://www.mohfw.gov.in:443 "GET / HTTP/1.1" 200 5274
[2020-03-23 23:15:15,570] Starting new HTTPS connection (1): www.mohfw.gov.in:443
[2020-03-23 23:15:15,836] https://www.mohfw.gov.in:443 "GET / HTTP/1.1" 200 5274
[2020-03-23 23:17:10,015] Starting new HTTPS connection (1): www.mohfw.gov.in:443
[2020-03-23 23:17:10,300] https://www.mohfw.gov.in:443 "GET / HTTP/1.1" 200 5274
[2020-03-23 23:18:37,239] Starting new HTTPS connection (1): www.mohfw.gov.in:443
[2020-03-23 23:18:37,511] https://www.mohfw.gov.in:443 "GET / HTTP/1.1" 200 5274
[2020-03-23 23:18:55,774] Starting new HTTPS connection (1): www.mohfw.gov.in:443
[2020-03-23 23:18:56,109] https://www.mohfw.gov.in:443 "GET / HTTP/1.1" 200 5274
[2020-03-23 23:20:05,544] Starting new HTTPS connection (1): www.mohfw.gov.in:443
[2020-03-23 23:20:05,855] https://www.mohfw.gov.in:443 "GET / HTTP/1.1" 200 5274
[2020-03-23 23:21:15,109] Starting new HTTPS connection (1): www.mohfw.gov.in:443
[2020-03-23 23:21:15,325] https://www.mohfw.gov.in:443 "GET / HTTP/1.1" 200 5274
[2020-03-23 23:21:15,378]  NEW_STATE Total cases got corona virus :['394 *', '40 *', '35', '9']
[2020-03-23 23:21:48,774] Starting new HTTPS connection (1): www.mohfw.gov.in:443
[2020-03-23 23:21:49,024] https://www.mohfw.gov.in:443 "GET / HTTP/1.1" 200 5274
[2020-03-23 23:21:49,113]  NEW_STATE Total No. of Cases got corona virus :['394 *', '40 *', '35', '9']
[2020-03-23 23:22:37,577] Starting new HTTPS connection (1): www.mohfw.gov.in:443
[2020-03-23 23:22:37,796] https://www.mohfw.gov.in:443 "GET / HTTP/1.1" 200 5274
[2020-03-23 23:23:09,132] Starting new HTTPS connection (1): www.mohfw.gov.in:443
[2020-03-23 23:23:09,445] https://www.mohfw.gov.in:443 "GET / HTTP/1.1" 200 5274
[2020-03-23 23:37:08,109] Starting new HTTPS connection (1): www.mohfw.gov.in:443
[2020-03-23 23:37:09,293] https://www.mohfw.gov.in:443 "GET / HTTP/1.1" 200 7804
[2020-03-23 23:38:16,044] Starting new HTTPS connection (1): www.mohfw.gov.in:443
[2020-03-23 23:38:16,308] https://www.mohfw.gov.in:443 "GET / HTTP/1.1" 200 7804
[2020-03-23 23:46:50,074]  * Restarting with stat
[2020-03-23 23:46:51,804]  * Debugger is active!
[2020-03-23 23:46:51,837]  * Debugger PIN: 618-776-022
[2020-03-23 23:46:51,883]  * Running on http://127.0.0.1:5000/ (Press CTRL+C to quit)
[2020-03-23 23:48:23,514]  * Restarting with stat
[2020-03-23 23:48:24,400]  * Debugger is active!
[2020-03-23 23:48:24,416]  * Debugger PIN: 618-776-022
[2020-03-23 23:48:24,432]  * Running on http://127.0.0.1:5000/ (Press CTRL+C to quit)
[2020-03-23 23:49:50,070]  * Restarting with stat
[2020-03-23 23:49:51,019]  * Debugger is active!
[2020-03-23 23:49:51,026]  * Debugger PIN: 618-776-022
[2020-03-23 23:49:51,041]  * Running on http://127.0.0.1:5000/ (Press CTRL+C to quit)
[2020-03-23 23:50:06,229] 127.0.0.1 - - [23/Mar/2020 23:50:06] "[37mGET / HTTP/1.1[0m" 200 -
[2020-03-23 23:50:06,647] 127.0.0.1 - - [23/Mar/2020 23:50:06] "[33mGET /favicon.ico HTTP/1.1[0m" 404 -
[2020-03-24 00:05:20,167]  * Restarting with stat
[2020-03-24 00:05:21,025]  * Debugger is active!
[2020-03-24 00:05:21,040]  * Debugger PIN: 618-776-022
[2020-03-24 00:05:21,056]  * Running on http://127.0.0.1:5000/ (Press CTRL+C to quit)
[2020-03-24 00:06:30,309] 127.0.0.1 - - [24/Mar/2020 00:06:30] "[37mGET / HTTP/1.1[0m" 200 -
[2020-03-24 00:06:31,467] 127.0.0.1 - - [24/Mar/2020 00:06:31] "[33mGET /favicon.ico HTTP/1.1[0m" 404 -
[2020-03-24 00:07:31,544] Starting new HTTPS connection (1): www.mohfw.gov.in:443
[2020-03-24 00:07:31,813] https://www.mohfw.gov.in:443 "GET / HTTP/1.1" 200 7798
[2020-03-24 00:07:31,896] 127.0.0.1 - - [24/Mar/2020 00:07:31] "[37mPOST /sms HTTP/1.1[0m" 200 -
[2020-03-24 00:08:41,812]  * Restarting with stat
[2020-03-24 00:08:42,844]  * Debugger is active!
[2020-03-24 00:08:42,852]  * Debugger PIN: 618-776-022
[2020-03-24 00:08:42,863]  * Running on http://127.0.0.1:5000/ (Press CTRL+C to quit)
[2020-03-24 00:08:51,241] Starting new HTTPS connection (1): www.mohfw.gov.in:443
[2020-03-24 00:08:51,465] https://www.mohfw.gov.in:443 "GET / HTTP/1.1" 200 5274
[2020-03-24 00:08:51,531] 127.0.0.1 - - [24/Mar/2020 00:08:51] "[37mPOST /sms HTTP/1.1[0m" 200 -
[2020-03-24 00:09:41,062]  * Detected change in 'C:\\Users\\prata\\OneDrive\\Documents\\GitHub\\corona_chat_bot\\corona_data.py', reloading
[2020-03-24 00:09:41,112]  * Restarting with stat
[2020-03-24 00:09:42,328]  * Debugger is active!
[2020-03-24 00:09:42,345]  * Debugger PIN: 618-776-022
[2020-03-24 00:09:42,359]  * Running on http://127.0.0.1:5000/ (Press CTRL+C to quit)
[2020-03-24 00:09:51,708] Starting new HTTPS connection (1): www.mohfw.gov.in:443
[2020-03-24 00:09:51,935] https://www.mohfw.gov.in:443 "GET / HTTP/1.1" 200 7798
[2020-03-24 00:09:52,061] 127.0.0.1 - - [24/Mar/2020 00:09:52] "[37mPOST /sms HTTP/1.1[0m" 200 -
[2020-03-24 00:10:32,139]  * Detected change in 'C:\\Users\\prata\\OneDrive\\Documents\\GitHub\\corona_chat_bot\\corona_data.py', reloading
[2020-03-24 00:10:32,182]  * Restarting with stat
[2020-03-24 00:10:33,352]  * Debugger is active!
[2020-03-24 00:10:33,360]  * Debugger PIN: 618-776-022
[2020-03-24 00:10:33,377]  * Running on http://127.0.0.1:5000/ (Press CTRL+C to quit)
[2020-03-24 00:10:37,411] Starting new HTTPS connection (1): www.mohfw.gov.in:443
[2020-03-24 00:10:37,636] https://www.mohfw.gov.in:443 "GET / HTTP/1.1" 200 7798
[2020-03-24 00:10:37,767] 127.0.0.1 - - [24/Mar/2020 00:10:37] "[37mPOST /sms HTTP/1.1[0m" 200 -
[2020-03-24 00:10:52,205]  * Detected change in 'C:\\Users\\prata\\OneDrive\\Documents\\GitHub\\corona_chat_bot\\corona_data.py', reloading
[2020-03-24 00:10:52,270]  * Restarting with stat
[2020-03-24 00:10:53,554]  * Debugger is active!
[2020-03-24 00:10:53,561]  * Debugger PIN: 618-776-022
[2020-03-24 00:10:53,593]  * Running on http://127.0.0.1:5000/ (Press CTRL+C to quit)
[2020-03-24 00:11:43,343] Starting new HTTPS connection (1): www.mohfw.gov.in:443
[2020-03-24 00:11:43,343] Starting new HTTPS connection (1): www.mohfw.gov.in:443
[2020-03-24 00:11:43,587] https://www.mohfw.gov.in:443 "GET / HTTP/1.1" 200 7798
[2020-03-24 00:11:43,589] https://www.mohfw.gov.in:443 "GET / HTTP/1.1" 200 7798
[2020-03-24 00:11:43,774] 127.0.0.1 - - [24/Mar/2020 00:11:43] "[37mPOST /sms HTTP/1.1[0m" 200 -
[2020-03-24 00:11:43,774] 127.0.0.1 - - [24/Mar/2020 00:11:43] "[37mPOST /sms HTTP/1.1[0m" 200 -
[2020-03-24 00:11:50,312]  * Restarting with stat
[2020-03-24 00:11:51,156]  * Debugger is active!
[2020-03-24 00:11:51,164]  * Debugger PIN: 618-776-022
[2020-03-24 00:11:51,180]  * Running on http://127.0.0.1:5000/ (Press CTRL+C to quit)
[2020-03-24 00:13:35,539]  * Detected change in 'C:\\Users\\prata\\OneDrive\\Documents\\GitHub\\corona_chat_bot\\corona_data.py', reloading
[2020-03-24 00:16:24,589]  * Restarting with stat
[2020-03-24 00:16:25,546]  * Debugger is active!
[2020-03-24 00:16:25,558]  * Debugger PIN: 618-776-022
[2020-03-24 00:16:25,579]  * Running on http://127.0.0.1:5000/ (Press CTRL+C to quit)
[2020-03-24 00:16:31,191] Starting new HTTPS connection (1): www.mohfw.gov.in:443
[2020-03-24 00:16:31,343] https://www.mohfw.gov.in:443 "GET / HTTP/1.1" 200 7798
[2020-03-24 00:16:31,442] 127.0.0.1 - - [24/Mar/2020 00:16:31] "[37mPOST /sms HTTP/1.1[0m" 200 -
[2020-03-24 00:18:14,208]  * Detected change in 'C:\\Users\\prata\\OneDrive\\Documents\\GitHub\\corona_chat_bot\\corona_data.py', reloading
[2020-03-24 00:18:14,260]  * Restarting with stat
[2020-03-24 00:18:15,494]  * Debugger is active!
[2020-03-24 00:18:15,502]  * Debugger PIN: 618-776-022
[2020-03-24 00:18:15,512]  * Running on http://127.0.0.1:5000/ (Press CTRL+C to quit)
[2020-03-24 00:18:23,785] Starting new HTTPS connection (1): www.mohfw.gov.in:443
[2020-03-24 00:18:24,271] https://www.mohfw.gov.in:443 "GET / HTTP/1.1" 200 5274
[2020-03-24 00:18:24,390] 127.0.0.1 - - [24/Mar/2020 00:18:24] "[37mPOST /sms HTTP/1.1[0m" 200 -
[2020-03-24 00:20:39,945] Starting new HTTPS connection (1): www.mohfw.gov.in:443
[2020-03-24 00:20:40,122] https://www.mohfw.gov.in:443 "GET / HTTP/1.1" 200 7798
[2020-03-24 00:20:40,238] 127.0.0.1 - - [24/Mar/2020 00:20:40] "[37mPOST /sms HTTP/1.1[0m" 200 -
[2020-03-24 00:22:57,100]  * Detected change in 'C:\\Users\\prata\\OneDrive\\Documents\\GitHub\\corona_chat_bot\\app.py', reloading
[2020-03-24 00:22:57,148]  * Restarting with stat
[2020-03-24 00:22:58,046]  * Debugger is active!
[2020-03-24 00:22:58,054]  * Debugger PIN: 618-776-022
[2020-03-24 00:22:58,065]  * Running on http://127.0.0.1:5000/ (Press CTRL+C to quit)
[2020-03-24 00:23:09,817] Starting new HTTPS connection (1): www.mohfw.gov.in:443
[2020-03-24 00:23:09,972] https://www.mohfw.gov.in:443 "GET / HTTP/1.1" 200 7798
[2020-03-24 00:23:10,071] 127.0.0.1 - - [24/Mar/2020 00:23:10] "[37mPOST /sms HTTP/1.1[0m" 200 -
[2020-03-24 00:23:40,228] Starting new HTTPS connection (1): www.mohfw.gov.in:443
[2020-03-24 00:23:40,362] https://www.mohfw.gov.in:443 "GET / HTTP/1.1" 200 7798
[2020-03-24 00:23:40,473] 127.0.0.1 - - [24/Mar/2020 00:23:40] "[37mPOST /sms HTTP/1.1[0m" 200 -
[2020-03-24 00:24:09,121] Starting new HTTPS connection (1): www.mohfw.gov.in:443
[2020-03-24 00:24:09,238] https://www.mohfw.gov.in:443 "GET / HTTP/1.1" 200 7798
[2020-03-24 00:24:09,335] 127.0.0.1 - - [24/Mar/2020 00:24:09] "[37mPOST /sms HTTP/1.1[0m" 200 -
[2020-03-24 00:25:58,308] Starting new HTTPS connection (1): www.mohfw.gov.in:443
[2020-03-24 00:25:58,532] https://www.mohfw.gov.in:443 "GET / HTTP/1.1" 200 7798
[2020-03-24 00:25:58,650] 127.0.0.1 - - [24/Mar/2020 00:25:58] "[37mPOST /sms HTTP/1.1[0m" 200 -
[2020-03-24 00:26:58,728]  * Detected change in 'C:\\Users\\prata\\OneDrive\\Documents\\GitHub\\corona_chat_bot\\corona_data.py', reloading
[2020-03-24 00:26:58,783]  * Restarting with stat
[2020-03-24 00:26:59,746]  * Debugger is active!
[2020-03-24 00:26:59,753]  * Debugger PIN: 618-776-022
[2020-03-24 00:26:59,771]  * Running on http://127.0.0.1:5000/ (Press CTRL+C to quit)
[2020-03-24 00:27:11,947] Starting new HTTPS connection (1): www.mohfw.gov.in:443
[2020-03-24 00:27:12,276] https://www.mohfw.gov.in:443 "GET / HTTP/1.1" 200 7798
[2020-03-24 00:27:12,363] 127.0.0.1 - - [24/Mar/2020 00:27:12] "[37mPOST /sms HTTP/1.1[0m" 200 -
[2020-03-24 00:28:09,866] Starting new HTTPS connection (1): www.mohfw.gov.in:443
[2020-03-24 00:28:10,039] https://www.mohfw.gov.in:443 "GET / HTTP/1.1" 200 7798
[2020-03-24 00:28:10,115] 127.0.0.1 - - [24/Mar/2020 00:28:10] "[37mPOST /sms HTTP/1.1[0m" 200 -
[2020-03-24 00:32:32,751] Starting new HTTPS connection (1): www.mohfw.gov.in:443
[2020-03-24 00:32:32,977] https://www.mohfw.gov.in:443 "GET / HTTP/1.1" 200 7798
[2020-03-24 00:32:33,051] 127.0.0.1 - - [24/Mar/2020 00:32:33] "[37mPOST /sms HTTP/1.1[0m" 200 -
[2020-03-24 00:34:21,946]  * Detected change in 'C:\\Users\\prata\\OneDrive\\Documents\\GitHub\\corona_chat_bot\\corona_data.py', reloading
[2020-03-24 00:34:22,017]  * Restarting with stat
[2020-03-24 00:34:23,301]  * Debugger is active!
[2020-03-24 00:34:23,310]  * Debugger PIN: 618-776-022
[2020-03-24 00:34:23,321]  * Running on http://127.0.0.1:5000/ (Press CTRL+C to quit)
[2020-03-24 00:34:34,437] Starting new HTTPS connection (1): www.mohfw.gov.in:443
[2020-03-24 00:34:34,657] https://www.mohfw.gov.in:443 "GET / HTTP/1.1" 200 7798
[2020-03-24 00:34:34,738] 127.0.0.1 - - [24/Mar/2020 00:34:34] "[37mPOST /sms HTTP/1.1[0m" 200 -
[2020-03-24 00:35:29,501]  * Detected change in 'C:\\Users\\prata\\OneDrive\\Documents\\GitHub\\corona_chat_bot\\corona_data.py', reloading
[2020-03-24 00:35:29,551]  * Restarting with stat
[2020-03-24 00:35:30,784]  * Debugger is active!
[2020-03-24 00:35:30,792]  * Debugger PIN: 618-776-022
[2020-03-24 00:35:30,802]  * Running on http://127.0.0.1:5000/ (Press CTRL+C to quit)
[2020-03-24 00:35:35,361]  * Detected change in 'C:\\Users\\prata\\OneDrive\\Documents\\GitHub\\corona_chat_bot\\corona_data.py', reloading
[2020-03-24 00:35:35,420]  * Restarting with stat
[2020-03-24 00:35:36,289]  * Debugger is active!
[2020-03-24 00:35:36,296]  * Debugger PIN: 618-776-022
[2020-03-24 00:35:36,305]  * Running on http://127.0.0.1:5000/ (Press CTRL+C to quit)
[2020-03-24 00:35:46,187] Starting new HTTPS connection (1): www.mohfw.gov.in:443
[2020-03-24 00:35:46,814] https://www.mohfw.gov.in:443 "GET / HTTP/1.1" 200 7798
[2020-03-24 00:35:46,909] 127.0.0.1 - - [24/Mar/2020 00:35:46] "[37mPOST /sms HTTP/1.1[0m" 200 -
[2020-03-24 00:36:09,094]  * Detected change in 'C:\\Users\\prata\\OneDrive\\Documents\\GitHub\\corona_chat_bot\\corona_data.py', reloading
[2020-03-24 00:36:09,153]  * Restarting with stat
[2020-03-24 00:36:10,043]  * Debugger is active!
[2020-03-24 00:36:10,050]  * Debugger PIN: 618-776-022
[2020-03-24 00:36:10,061]  * Running on http://127.0.0.1:5000/ (Press CTRL+C to quit)
[2020-03-24 00:36:14,274] Starting new HTTPS connection (1): www.mohfw.gov.in:443
[2020-03-24 00:36:14,444] https://www.mohfw.gov.in:443 "GET / HTTP/1.1" 200 7798
[2020-03-24 00:36:14,539]  NEW_STATE Total got corona virus :['394 *', '40 *', '35', '9']
[2020-03-24 00:36:14,548] 127.0.0.1 - - [24/Mar/2020 00:36:14] "[37mPOST /sms HTTP/1.1[0m" 200 -
[2020-03-24 00:36:32,870] Starting new HTTPS connection (1): www.mohfw.gov.in:443
[2020-03-24 00:36:32,954] https://www.mohfw.gov.in:443 "GET / HTTP/1.1" 200 7798
[2020-03-24 00:36:33,050] 127.0.0.1 - - [24/Mar/2020 00:36:33] "[37mPOST /sms HTTP/1.1[0m" 200 -
[2020-03-24 00:37:09,311]  * Detected change in 'C:\\Users\\prata\\OneDrive\\Documents\\GitHub\\corona_chat_bot\\corona_data.py', reloading
[2020-03-24 00:37:09,363]  * Restarting with stat
[2020-03-24 00:37:10,703]  * Debugger is active!
[2020-03-24 00:37:10,711]  * Debugger PIN: 618-776-022
[2020-03-24 00:37:10,725]  * Running on http://127.0.0.1:5000/ (Press CTRL+C to quit)
[2020-03-24 00:39:31,243] Starting new HTTPS connection (1): www.mohfw.gov.in:443
[2020-03-24 00:39:31,455] https://www.mohfw.gov.in:443 "GET / HTTP/1.1" 200 7798
[2020-03-24 00:39:31,542] 127.0.0.1 - - [24/Mar/2020 00:39:31] "[37mPOST /sms HTTP/1.1[0m" 200 -
[2020-03-24 00:40:17,056] Starting new HTTPS connection (1): www.mohfw.gov.in:443
[2020-03-24 00:40:17,306] https://www.mohfw.gov.in:443 "GET / HTTP/1.1" 200 5274
[2020-03-24 00:40:17,363] 127.0.0.1 - - [24/Mar/2020 00:40:17] "[37mPOST /sms HTTP/1.1[0m" 200 -
[2020-03-24 00:42:11,854]  * Detected change in 'C:\\Users\\prata\\OneDrive\\Documents\\GitHub\\corona_chat_bot\\app.py', reloading
[2020-03-24 00:42:11,930]  * Restarting with stat
[2020-03-24 00:42:13,693]  * Debugger is active!
[2020-03-24 00:42:13,702]  * Debugger PIN: 618-776-022
[2020-03-24 00:42:13,712]  * Running on http://127.0.0.1:5000/ (Press CTRL+C to quit)
[2020-03-24 00:42:18,623] Starting new HTTPS connection (1): www.mohfw.gov.in:443
[2020-03-24 00:42:18,855] https://www.mohfw.gov.in:443 "GET / HTTP/1.1" 200 7798
[2020-03-24 00:42:18,994] 127.0.0.1 - - [24/Mar/2020 00:42:18] "[35m[1mPOST /sms HTTP/1.1[0m" 500 -
[2020-03-24 00:42:35,612]  * Detected change in 'C:\\Users\\prata\\OneDrive\\Documents\\GitHub\\corona_chat_bot\\app.py', reloading
[2020-03-24 00:42:35,697]  * Restarting with stat
[2020-03-24 00:42:36,889]  * Debugger is active!
[2020-03-24 00:42:36,911]  * Debugger PIN: 618-776-022
[2020-03-24 00:42:36,940]  * Running on http://127.0.0.1:5000/ (Press CTRL+C to quit)
[2020-03-24 00:42:47,641] Starting new HTTPS connection (1): www.mohfw.gov.in:443
[2020-03-24 00:42:47,857] https://www.mohfw.gov.in:443 "GET / HTTP/1.1" 200 7798
[2020-03-24 00:42:47,926] 127.0.0.1 - - [24/Mar/2020 00:42:47] "[37mPOST /sms HTTP/1.1[0m" 200 -
[2020-03-24 00:42:56,274] Starting new HTTPS connection (1): www.mohfw.gov.in:443
[2020-03-24 00:42:56,349] https://www.mohfw.gov.in:443 "GET / HTTP/1.1" 200 7798
[2020-03-24 00:42:56,451] 127.0.0.1 - - [24/Mar/2020 00:42:56] "[37mPOST /sms HTTP/1.1[0m" 200 -
[2020-03-24 00:43:33,117]  * Detected change in 'C:\\Users\\prata\\OneDrive\\Documents\\GitHub\\corona_chat_bot\\corona_data.py', reloading
[2020-03-24 00:43:33,174]  * Restarting with stat
[2020-03-24 00:43:34,735]  * Debugger is active!
[2020-03-24 00:43:34,743]  * Debugger PIN: 618-776-022
[2020-03-24 00:43:34,753]  * Running on http://127.0.0.1:5000/ (Press CTRL+C to quit)
[2020-03-24 00:43:50,479] Starting new HTTPS connection (1): www.mohfw.gov.in:443
[2020-03-24 00:43:50,721] https://www.mohfw.gov.in:443 "GET / HTTP/1.1" 200 7798
[2020-03-24 00:43:50,812] 127.0.0.1 - - [24/Mar/2020 00:43:50] "[37mPOST /sms HTTP/1.1[0m" 200 -
